nohup: ignoring input
/home/rapae/.cache/huggingface/modules/transformers_modules/MahmoodLab/TITAN/dac6773d9961cfc75503440676ff157a2c6e8d2e/conch_v1_5.py:687: FutureWarning: You are using `torch.load` with `weights_only=False` (the current default value), which uses the default pickle module implicitly. It is possible to construct malicious pickle data which will execute arbitrary code during unpickling (See https://github.com/pytorch/pytorch/blob/main/SECURITY.md#untrusted-models for more details). In a future release, the default value for `weights_only` will be flipped to `True`. This limits the functions that could be executed during unpickling. Arbitrary objects will no longer be allowed to be loaded via this mode unless they are explicitly allowlisted by the user via `torch.serialization.add_safe_globals`. We recommend you start setting `weights_only=True` for any use case where you don't have full control of the loaded file. Please open an issue on GitHub for any issues related to this experimental feature.
  state_dict = torch.load(checkpoint_path, map_location="cpu")
Processing 104S.tif ...
Processing 105S.tif ...
Processing 106S.tif ...
Processing 107S.tif ...
Processing 108S.tif ...
Processing 110S.tif ...
Processing 112B.tif ...
Processing 121S.tif ...
Processing 123S.tif ...
Processing 126B.tif ...
Processing 129S.tif ...
Processing 132B.tif ...
Processing 139B.tif ...
Processing 146B.tif ...
Processing 155B.tif ...
Processing 159S.tif ...
Processing 160B.tif ...
Processing 161S.tif ...
Processing 162S.tif ...
Processing 165B.tif ...
Processing 174S.tif ...
Processing 175B.tif ...
Processing 184B.tif ...
Processing 205B.tif ...
Processing 208B.tif ...
Processing 211B.tif ...
Processing 212B.tif ...
Processing 214B.tif ...
Processing 223B.tif ...
Processing 224B.tif ...
Processing 227S.tif ...
Processing 228B.tif ...
Processing 233B.tif ...
Processing 236B.tif ...
Processing 244B.tif ...
Processing 247B.tif ...
Processing 248B.tif ...
Processing TC_S01_P000004_C0001_B103.tif ...
Processing TC_S01_P000006_C0001_B206.tif ...
Processing TC_S01_P000020_C0001_B207.tif ...
Processing TC_S01_P000041_C0001_B101.tif ...
Processing TC_S01_P000045_C0001_B106.tif ...
Processing TC_S01_P000047_C0001_B101.tif ...
Processing TC_S01_P000049_C0001_B101.tif ...
Processing TC_S01_P000052_C0001_B101.tif ...
Processing TC_S01_P000055_C0001_B101.tif ...
Processing TC_S01_P000058_C0001_B101.tif ...
Processing TC_S01_P000061_C0001_B101.tif ...
Processing TC_S01_P000063_C0001_B101.tif ...
Processing TC_S01_P000064_C0001_B101.tif ...
Processing TC_S01_P000073_C0001_B101.tif ...
Processing TC_S01_P000074_C0001_B101.tif ...
Processing TC_S01_P000077_C0001_B101.tif ...
Processing TC_S01_P000079_C0001_B101.tif ...
Processing TC_S01_P000083_C0001_B101.tif ...
Processing TC_S01_P000085_C0001_B101.tif ...
Processing TC_S01_P000087_C0001_B101.tif ...
Processing TC_S01_P000089_C0001_B101.tif ...
Processing TC_S01_P000092_C0001_B101.tif ...
Processing TC_S01_P000093_C0001_B101.tif ...
Processing TC_S01_P000099_C0001_B101.tif ...
Processing TC_S01_P000100_C0001_B101.tif ...
Processing TC_S01_P000101_C0001_B101.tif ...
Processing TC_S01_P000103_C0001_B101.tif ...
Processing TC_S01_P000104_C0001_B101.tif ...
Processing TC_S01_P000106_C0001_B101.tif ...
Processing TC_S01_P000108_C0001_B101.tif ...
Processing TC_S01_P000112_C0001_B101.tif ...
Processing TC_S01_P000116_C0001_B101.tif ...
Processing TC_S01_P000119_C0001_B101.tif ...
Processing TC_S01_P000120_C0001_B101.tif ...
Processing TC_S01_P000122_C0001_B101.tif ...
Processing TC_S01_P000123_C0001_B101.tif ...
Processing TC_S01_P000124_C0001_B101.tif ...
Processing TC_S01_P000127_C0001_B101.tif ...
Processing TC_S01_P000128_C0001_B101.tif ...
Processing TC_S01_P000134_C0001_B101.tif ...
Processing TC_S01_P000139_C0001_B101.tif ...
Processing TC_S01_P000155_C0001_B101.tif ...
Processing TC_S01_P000160_C0001_B204.tif ...
Processing TC_S01_P000166_C0001_B101.tif ...
Processing TC_S01_P000181_C0001_B101.tif ...
Done.
Saved embeddings to: ../tiger_titan_embeddings_no_pathology_report
ers_modules/MahmoodLab/TITAN/dac6773d9961cfc75503440676ff157a2c6e8d2e/vision_transformer.py", line 187, in forward
    x = module(x, attn_mask, bg_mask)
  File "/home/rapae/progs/miniconda3x86/envs/titan/lib/python3.9/site-packages/torch/nn/modules/module.py", line 1736, in _wrapped_call_impl
    return self._call_impl(*args, **kwargs)
  File "/home/rapae/progs/miniconda3x86/envs/titan/lib/python3.9/site-packages/torch/nn/modules/module.py", line 1747, in _call_impl
    return forward_call(*args, **kwargs)
  File "/home/rapae/.cache/huggingface/modules/transformers_modules/MahmoodLab/TITAN/dac6773d9961cfc75503440676ff157a2c6e8d2e/vision_transformer.py", line 176, in forward
    x = x + self.drop_path1(self.ls1(self.attn(self.norm1(x), attn_bias=attn_bias, bg_mask=bg_mask)))
  File "/home/rapae/progs/miniconda3x86/envs/titan/lib/python3.9/site-packages/torch/nn/modules/module.py", line 1736, in _wrapped_call_impl
    return self._call_impl(*args, **kwargs)
  File "/home/rapae/progs/miniconda3x86/envs/titan/lib/python3.9/site-packages/torch/nn/modules/module.py", line 1747, in _call_impl
    return forward_call(*args, **kwargs)
  File "/home/rapae/.cache/huggingface/modules/transformers_modules/MahmoodLab/TITAN/dac6773d9961cfc75503440676ff157a2c6e8d2e/vision_transformer.py", line 101, in forward
    x = F.scaled_dot_product_attention(q, k, v, attn_mask=attn_bias, dropout_p=self.attn_drop_prob)
torch.OutOfMemoryError: CUDA out of memory. Tried to allocate 5.06 GiB. GPU 5 has a total capacity of 39.39 GiB of which 1.43 GiB is free. Including non-PyTorch memory, this process has 18.82 GiB memory in use. Process 1835112 has 19.13 GiB memory in use. Of the allocated memory 17.25 GiB is allocated by PyTorch, and 128.29 MiB is reserved by PyTorch but unallocated. If reserved but unallocated memory is large try setting PYTORCH_CUDA_ALLOC_CONF=expandable_segments:True to avoid fragmentation.  See documentation for Memory Management  (https://pytorch.org/docs/stable/notes/cuda.html#environment-variables)
